Application is running with Unicode string encoding.
WARNING: Proper TCP/IP configuration was not detected
The TCP/IP protocol is not installed or configured properly.
Please refer to your Microsoft documentation or hardware vendor for assistance.
pglSetStatus::   Pgl Session Initialize (INFO MESSAGE)
Valid file wpplibs.cmp with extension cmp was not found in any of CURRENT_DIR,PROJ_LANG_TEXT_DIR,PROJ_TEXT_DIR,CUSTOM_LOCALE_FONT_DIR,PRO_LANG_TEXT_DIR,PRO_TEXT_DIR,MACHINE_LANG_TEXT_DIR,MACHINE_TEXT_DIR,PRO_FONT_DIR
Valid file wpplibs.cmp with extension cmp was not found in any of CURRENT_DIR,PROJ_LANG_TEXT_DIR,PROJ_TEXT_DIR,CUSTOM_LOCALE_FONT_DIR,PRO_LANG_TEXT_DIR,PRO_TEXT_DIR,MACHINE_LANG_TEXT_DIR,MACHINE_TEXT_DIR,PRO_FONT_DIR
uit_get_visual_style_low:  Style is PTC Creo 4 (INFO MESSAGE)
GalleryBaseWdg::GalleryBaseWdg:  Activate command of 'ProCmdDwgTblFromGallery' should be type uiCmdTypeNone (INFO MESSAGE)
GalleryBaseWdg::GalleryBaseWdg:  Activate command of 'ProCmdCEFormatsGallery' should be type uiCmdTypeNone (INFO MESSAGE)
GalleryBaseWdg::GalleryBaseWdg:  Activate command of 'ProCmdCEFltFormatsGallery' should be type uiCmdTypeNone (INFO MESSAGE)
ProCmdSelBufferAttrSet():  Can't to find the command: ProCmdFaceted (INFO MESSAGE)
ProCmdSelBufferAttrSet():  Selection Buffer Attribute loaded 42 commands (INFO MESSAGE)
GalleryBaseWdg::GalleryBaseWdg:  Activate command of 'ProCmdMankSelGalPostr' should be type uiCmdTypeNone (INFO MESSAGE)
uit_CmdUiLoadIfNeeded:  The size of image 'man_postures_apply.bif' is not valid ('32x32') in short resource 'procmdmankapplgalpostr.res' (INFO MESSAGE)
uit_CmdUiLoadIfNeeded:  The size of image 'options_large' is not valid ('32x32') in short resource 'procmdpmachkannotdepend.res' (INFO MESSAGE)
uit_CmdUiLoadIfNeeded:  The size of image 'options_large' is not valid ('32x32') in short resource 'procmdpmachksldpnldimdpend.res' (INFO MESSAGE)
UitGroupItem::initVertCells:  The maximum group height has been increased to 100 (INFO MESSAGE)
RbnDBData::RbnDbLoadData:  Failed to read PRO_ribbon_db (error -4) (ORDER_DEBUG)
addHints:  adding UGC_NEUTRAL (INFO MESSAGE)
zTocMgr::internal_maybe_open:  hint is UGC_NEUTRAL (INFO MESSAGE)
ugc_check_version_dbtype:  file 67 != expected 7 (INFO MESSAGE)
RbnDBData::RbnDbLoadData:  Failed to read PRO_cmd_groups_db (error -4) (ORDER_DEBUG)
addHints:  adding UGC_NEUTRAL (INFO MESSAGE)
zTocMgr::internal_maybe_open:  hint is UGC_NEUTRAL (INFO MESSAGE)
ugc_check_version_dbtype:  file 67 != expected 7 (INFO MESSAGE)
RbnDBData::RbnDbLoadData:  Failed to read D:\Program Files\PTC\Creo 4.0\M040\Common Files\text\creo_parametric_admin_customization.ui (error -4) (ORDER_DEBUG)
addHints:  adding UGC_NEUTRAL (INFO MESSAGE)
zTocMgr::internal_maybe_open:  hint is UGC_NEUTRAL (INFO MESSAGE)
ULC::LoadLow:  The customization file is being read from C:\Users\高黎明\AppData\Roaming\PTC\ProENGINEER\Wildfire\.wf\.Settings\creo_parametric_customization.ui (INFO MESSAGE)
uit_CmdUiLoadIfNeeded:  The size of image '3D_web_print_large' is not valid ('32x32') in short resource 'procmd3dprintorder.res' (INFO MESSAGE)
uit_CmdUiLoadIfNeeded:  The size of image 'start_session_large.bif' is not valid ('32x32') in short resource 'procmdstartexperiment.res' (INFO MESSAGE)
handle_create:  Could not find Handle image file (ORDER_DEBUG)
uit_CmdUiLoadIfNeeded:  The size of image 'session_warning_events32x16' is not valid ('32x16') in short resource 'procmdinfonmgrlightdlg.res' (INFO MESSAGE)
uit_get_visual_style_low:  Style is PTC Creo 4 (INFO MESSAGE)
pglSetStatus::   PglWindowEndNoGraphics: Not in nographics mode. (INFO MESSAGE)

 run mode = 2
cadds5_link_app_path_name():  NuTCRACKER is not installed (INFO MESSAGE)
check_exec_file_accessible_():  D:\Program Files\PTC\Creo 4.0\M040\Common Files\\x86e_win64\obj\SWToPro.exe accessible (INFO MESSAGE)
check_exec_file_accessible_():  D:\Program Files\PTC\Creo 4.0\M040\Common Files\\x86e_win64\obj\SeodxToPro.exe accessible (INFO MESSAGE)
PFSDBArrToFilter:  shouldn't do both (INFO MESSAGE)
PFSTMakeTypeString:  no zip found (INFO MESSAGE)
AdbPage::buildSizeStateTable:  Can't build Size State Table for page 'home_File' (INFO MESSAGE)
ResizeControlWdg::resizeContainerHorz:  Can't resize the control bar properly (INFO MESSAGE)
MB__AddSimpleItemToDevice:  ui_do_operation on 'Subasm_Reuse_popup' returned -1 (ORDER_DEBUG)
_uit_adb_group_item_generate:  Item 'Tools_ProTk' - Empty container (INFO MESSAGE)
MB__AddSimpleItemToDevice:  ui_do_operation on 'Subasm_Replace_popup' returned -1 (ORDER_DEBUG)
MB__AddSimpleItemToDevice:  ui_do_operation on 'Subasm_Move_popup' returned -1 (ORDER_DEBUG)
MB__AddSimpleItemToDevice:  ui_do_operation on 'Profile_Reuse_popup' returned -1 (ORDER_DEBUG)
MB__AddSimpleItemToDevice:  ui_do_operation on 'Profile_Replace_popup' returned -1 (ORDER_DEBUG)
MB__AddSimpleItemToDevice:  ui_do_operation on 'Profile_Move_popup' returned -1 (ORDER_DEBUG)
MB__AddSimpleItemToDevice:  ui_do_operation on 'Profile_MoodiyType_popup' returned -1 (ORDER_DEBUG)
MB__AddSimpleItemToDevice:  ui_do_operation on 'Profile_MoodiySize_popup' returned -1 (ORDER_DEBUG)
MB__AddSimpleItemToDevice:  ui_do_operation on 'Component_Reuse_popup' returned -1 (ORDER_DEBUG)
MB__AddSimpleItemToDevice:  ui_do_operation on 'Component_Replace_popup' returned -1 (ORDER_DEBUG)
MB__AddSimpleItemToDevice:  ui_do_operation on 'Component_Modify_popup' returned -1 (ORDER_DEBUG)
MB__AddSimpleItemToDevice:  ui_do_operation on 'Delete_50_ActionMenu' returned -1 (ORDER_DEBUG)
addHints:  adding UGC_NEUTRAL (INFO MESSAGE)
zTocMgr::internal_maybe_open:  hint is UGC_NEUTRAL (INFO MESSAGE)
addHints:  adding UGC_NEUTRAL (INFO MESSAGE)
zTocMgr::internal_maybe_open:  hint is UGC_NEUTRAL (INFO MESSAGE)
ULC_Load:  Application 2 is already loaded! (ORDER_DEBUG)
ULC_Load:  Application 1 is already loaded! (ORDER_DEBUG)
_uit_adb_group_item_generate:  Item 'Tools_ProTk' - Empty container (INFO MESSAGE)
ProMenuPurge:  postponing delete of item 'ifx40_actionmenu' (app 2) due to undeleted child 'ifx40_menu_reassemble_popup' (INFO MESSAGE)
_uit_adb_group_item_generate:  Item 'Tools_ProTk' - Empty container (INFO MESSAGE)
pro_notification_remove:  failed to find func to remove (INFO MESSAGE)
pgli_ogl_release_one_native_texture::  Invalid Opengl Context (INFO MESSAGE)
